..\source\aosl\aosl_forward.hpp
..\source\aosl\aosl.hpp
..\source\aosl\aosl.inl
..\source\aosl\aosl.cpp
..\source\aosl\space_unit_forward.hpp
..\source\aosl\space_unit.hpp
..\source\aosl\space_unit.inl
..\source\aosl\space_unit.cpp
..\source\aosl\vector_forward.hpp
..\source\aosl\vector.hpp
..\source\aosl\vector.inl
..\source\aosl\vector.cpp
..\source\aosl\rotation_forward.hpp
..\source\aosl\rotation.hpp
..\source\aosl\rotation.inl
..\source\aosl\rotation.cpp
..\source\aosl\position_forward.hpp
..\source\aosl\position.hpp
..\source\aosl\position.inl
..\source\aosl\position.cpp
..\source\aosl\box_forward.hpp
..\source\aosl\box.hpp
..\source\aosl\box.inl
..\source\aosl\box.cpp
..\source\aosl\translation_forward.hpp
..\source\aosl\translation.hpp
..\source\aosl\translation.inl
..\source\aosl\translation.cpp
..\source\aosl\scale_forward.hpp
..\source\aosl\scale.hpp
..\source\aosl\scale.inl
..\source\aosl\scale.cpp
..\source\aosl\transformation_forward.hpp
..\source\aosl\transformation.hpp
..\source\aosl\transformation.inl
..\source\aosl\transformation.cpp
..\source\aosl\extension_forward.hpp
..\source\aosl\extension.hpp
..\source\aosl\extension.inl
..\source\aosl\extension.cpp
..\source\aosl\angle_forward.hpp
..\source\aosl\angle.hpp
..\source\aosl\angle.inl
..\source\aosl\angle.cpp
..\source\aosl\input_forward.hpp
..\source\aosl\input.hpp
..\source\aosl\input.inl
..\source\aosl\input.cpp
..\source\aosl\selection_base_forward.hpp
..\source\aosl\selection_base.hpp
..\source\aosl\selection_base.inl
..\source\aosl\selection_base.cpp
..\source\aosl\selection_forward.hpp
..\source\aosl\selection.hpp
..\source\aosl\selection.inl
..\source\aosl\selection.cpp
..\source\aosl\signal_source_forward.hpp
..\source\aosl\signal_source.hpp
..\source\aosl\signal_source.inl
..\source\aosl\signal_source.cpp
..\source\aosl\input_key_forward.hpp
..\source\aosl\input_key.hpp
..\source\aosl\input_key.inl
..\source\aosl\input_key.cpp
..\source\aosl\input_value_forward.hpp
..\source\aosl\input_value.hpp
..\source\aosl\input_value.inl
..\source\aosl\input_value.cpp
..\source\aosl\unique_id_forward.hpp
..\source\aosl\unique_id.hpp
..\source\aosl\unique_id.inl
..\source\aosl\unique_id.cpp
..\source\aosl\stage_id_forward.hpp
..\source\aosl\stage_id.hpp
..\source\aosl\stage_id.inl
..\source\aosl\stage_id.cpp
..\source\aosl\move_id_forward.hpp
..\source\aosl\move_id.hpp
..\source\aosl\move_id.inl
..\source\aosl\move_id.cpp
..\source\aosl\layer_id_forward.hpp
..\source\aosl\layer_id.hpp
..\source\aosl\layer_id.inl
..\source\aosl\layer_id.cpp
..\source\aosl\resource_id_forward.hpp
..\source\aosl\resource_id.hpp
..\source\aosl\resource_id.inl
..\source\aosl\resource_id.cpp
..\source\aosl\element_id_forward.hpp
..\source\aosl\element_id.hpp
..\source\aosl\element_id.inl
..\source\aosl\element_id.cpp
..\source\aosl\unique_ref_forward.hpp
..\source\aosl\unique_ref.hpp
..\source\aosl\unique_ref.inl
..\source\aosl\unique_ref.cpp
..\source\aosl\stage_ref_forward.hpp
..\source\aosl\stage_ref.hpp
..\source\aosl\stage_ref.inl
..\source\aosl\stage_ref.cpp
..\source\aosl\resource_ref_forward.hpp
..\source\aosl\resource_ref.hpp
..\source\aosl\resource_ref.inl
..\source\aosl\resource_ref.cpp
..\source\aosl\target_move_ref_forward.hpp
..\source\aosl\target_move_ref.hpp
..\source\aosl\target_move_ref.inl
..\source\aosl\target_move_ref.cpp
..\source\aosl\special_move_ref_forward.hpp
..\source\aosl\special_move_ref.hpp
..\source\aosl\special_move_ref.inl
..\source\aosl\special_move_ref.cpp
..\source\aosl\target_layer_ref_forward.hpp
..\source\aosl\target_layer_ref.hpp
..\source\aosl\target_layer_ref.inl
..\source\aosl\target_layer_ref.cpp
..\source\aosl\special_layer_ref_forward.hpp
..\source\aosl\special_layer_ref.hpp
..\source\aosl\special_layer_ref.inl
..\source\aosl\special_layer_ref.cpp
..\source\aosl\target_element_ref_forward.hpp
..\source\aosl\target_element_ref.hpp
..\source\aosl\target_element_ref.inl
..\source\aosl\target_element_ref.cpp
..\source\aosl\special_element_ref_forward.hpp
..\source\aosl\special_element_ref.hpp
..\source\aosl\special_element_ref.inl
..\source\aosl\special_element_ref.cpp
..\source\aosl\resource_type_forward.hpp
..\source\aosl\resource_type.hpp
..\source\aosl\resource_type.inl
..\source\aosl\resource_type.cpp
..\source\aosl\move_ref_forward.hpp
..\source\aosl\move_ref.hpp
..\source\aosl\move_ref.inl
..\source\aosl\move_ref.cpp
..\source\aosl\change_type_forward.hpp
..\source\aosl\change_type.hpp
..\source\aosl\change_type.inl
..\source\aosl\change_type.cpp
..\source\aosl\layer_ref_forward.hpp
..\source\aosl\layer_ref.hpp
..\source\aosl\layer_ref.inl
..\source\aosl\layer_ref.cpp
..\source\aosl\element_ref_forward.hpp
..\source\aosl\element_ref.hpp
..\source\aosl\element_ref.inl
..\source\aosl\element_ref.cpp
..\source\aosl\library_forward.hpp
..\source\aosl\library.hpp
..\source\aosl\library.inl
..\source\aosl\library.cpp
..\source\aosl\canvas_forward.hpp
..\source\aosl\canvas.hpp
..\source\aosl\canvas.inl
..\source\aosl\canvas.cpp
..\source\aosl\thread_forward.hpp
..\source\aosl\thread.hpp
..\source\aosl\thread.inl
..\source\aosl\thread.cpp
..\source\aosl\author_forward.hpp
..\source\aosl\author.hpp
..\source\aosl\author.inl
..\source\aosl\author.cpp
..\source\aosl\target_forward.hpp
..\source\aosl\target.hpp
..\source\aosl\target.inl
..\source\aosl\target.cpp
..\source\aosl\resource_type_generic_forward.hpp
..\source\aosl\resource_type_generic.hpp
..\source\aosl\resource_type_generic.inl
..\source\aosl\resource_type_generic.cpp
..\source\aosl\resource_type_specific_forward.hpp
..\source\aosl\resource_type_specific.hpp
..\source\aosl\resource_type_specific.inl
..\source\aosl\resource_type_specific.cpp
..\source\aosl\resource_forward.hpp
..\source\aosl\resource.hpp
..\source\aosl\resource.inl
..\source\aosl\resource.cpp
..\source\aosl\resource_list_forward.hpp
..\source\aosl\resource_list.hpp
..\source\aosl\resource_list.inl
..\source\aosl\resource_list.cpp
..\source\aosl\include_forward.hpp
..\source\aosl\include.hpp
..\source\aosl\include.inl
..\source\aosl\include.cpp
..\source\aosl\include_list_forward.hpp
..\source\aosl\include_list.hpp
..\source\aosl\include_list.inl
..\source\aosl\include_list.cpp
..\source\aosl\library_uri_forward.hpp
..\source\aosl\library_uri.hpp
..\source\aosl\library_uri.inl
..\source\aosl\library_uri.cpp
..\source\aosl\layer_forward.hpp
..\source\aosl\layer.hpp
..\source\aosl\layer.inl
..\source\aosl\layer.cpp
..\source\aosl\layer_list_forward.hpp
..\source\aosl\layer_list.hpp
..\source\aosl\layer_list.inl
..\source\aosl\layer_list.cpp
..\source\aosl\element_forward.hpp
..\source\aosl\element.hpp
..\source\aosl\element.inl
..\source\aosl\element.cpp
..\source\aosl\element_list_forward.hpp
..\source\aosl\element_list.hpp
..\source\aosl\element_list.inl
..\source\aosl\element_list.cpp
..\source\aosl\stage_forward.hpp
..\source\aosl\stage.hpp
..\source\aosl\stage.inl
..\source\aosl\stage.cpp
..\source\aosl\stage_list_forward.hpp
..\source\aosl\stage_list.hpp
..\source\aosl\stage_list.inl
..\source\aosl\stage_list.cpp
..\source\aosl\move_forward.hpp
..\source\aosl\move.hpp
..\source\aosl\move.inl
..\source\aosl\move.cpp
..\source\aosl\move_list_forward.hpp
..\source\aosl\move_list.hpp
..\source\aosl\move_list.inl
..\source\aosl\move_list.cpp
..\source\aosl\change_forward.hpp
..\source\aosl\change.hpp
..\source\aosl\change.inl
..\source\aosl\change.cpp
..\source\aosl\generic_change_type_forward.hpp
..\source\aosl\generic_change_type.hpp
..\source\aosl\generic_change_type.inl
..\source\aosl\generic_change_type.cpp
..\source\aosl\specific_change_type_forward.hpp
..\source\aosl\specific_change_type.hpp
..\source\aosl\specific_change_type.inl
..\source\aosl\specific_change_type.cpp
..\source\aosl\change_list_forward.hpp
..\source\aosl\change_list.hpp
..\source\aosl\change_list.inl
..\source\aosl\change_list.cpp
..\source\aosl\activate_forward.hpp
..\source\aosl\activate.hpp
..\source\aosl\activate.inl
..\source\aosl\activate.cpp
..\source\aosl\deactivate_forward.hpp
..\source\aosl\deactivate.hpp
..\source\aosl\deactivate.inl
..\source\aosl\deactivate.cpp
..\source\aosl\switch_forward.hpp
..\source\aosl\switch.hpp
..\source\aosl\switch.inl
..\source\aosl\switch.cpp
..\source\aosl\transform_base_forward.hpp
..\source\aosl\transform_base.hpp
..\source\aosl\transform_base.inl
..\source\aosl\transform_base.cpp
..\source\aosl\transform_forward.hpp
..\source\aosl\transform.hpp
..\source\aosl\transform.inl
..\source\aosl\transform.cpp
..\source\aosl\effect_forward.hpp
..\source\aosl\effect.hpp
..\source\aosl\effect.inl
..\source\aosl\effect.cpp
..\source\aosl\effect_list_forward.hpp
..\source\aosl\effect_list.hpp
..\source\aosl\effect_list.inl
..\source\aosl\effect_list.cpp
..\source\aosl\navigation_forward.hpp
..\source\aosl\navigation.hpp
..\source\aosl\navigation.inl
..\source\aosl\navigation.cpp
..\source\aosl\event_forward.hpp
..\source\aosl\event.hpp
..\source\aosl\event.inl
..\source\aosl\event.cpp
..\source\aosl\event_type_forward.hpp
..\source\aosl\event_type.hpp
..\source\aosl\event_type.inl
..\source\aosl\event_type.cpp
..\source\aosl\signal_base_forward.hpp
..\source\aosl\signal_base.hpp
..\source\aosl\signal_base.inl
..\source\aosl\signal_base.cpp
..\source\aosl\signal_forward.hpp
..\source\aosl\signal.hpp
..\source\aosl\signal.inl
..\source\aosl\signal.cpp
..\source\aosl\input_base_forward.hpp
..\source\aosl\input_base.hpp
..\source\aosl\input_base.inl
..\source\aosl\input_base.cpp
..\source\aosl\angle_type_forward.hpp
..\source\aosl\angle_type.hpp
..\source\aosl\angle_type.inl
..\source\aosl\angle_type.cpp
..\source\aosl\meta_forward.hpp
..\source\aosl\meta.hpp
..\source\aosl\meta.inl
..\source\aosl\meta.cpp
..\source\aosl\referential_forward.hpp
..\source\aosl\referential.hpp
..\source\aosl\referential.inl
..\source\aosl\referential.cpp
..\source\aosl\source_uri_forward.hpp
..\source\aosl\source_uri.hpp
..\source\aosl\source_uri.inl
..\source\aosl\source_uri.cpp
..\source\aosl\sequence_forward.hpp
..\source\aosl\sequence.hpp
..\source\aosl\sequence.inl
..\source\aosl\sequence.cpp